Determining if the function sgemm_ exists failed with the following output:
Change Dir: /home/cxl/workspace/lidar_slam_basic/ch1/ceres/build/CMakeFiles/CMakeTmp

Run Build Command(s):/usr/bin/make cmTC_44cbe/fast && /usr/bin/make -f CMakeFiles/cmTC_44cbe.dir/build.make CMakeFiles/cmTC_44cbe.dir/build
make[1]: 进入目录“/home/cxl/workspace/lidar_slam_basic/ch1/ceres/build/CMakeFiles/CMakeTmp”
Building C object CMakeFiles/cmTC_44cbe.dir/CheckFunctionExists.c.o
/usr/bin/cc   -DCHECK_FUNCTION_EXISTS=sgemm_   -o CMakeFiles/cmTC_44cbe.dir/CheckFunctionExists.c.o   -c /usr/share/cmake-3.16/Modules/CheckFunctionExists.c
Linking C executable cmTC_44cbe
/usr/bin/cmake -E cmake_link_script CMakeFiles/cmTC_44cbe.dir/link.txt --verbose=1
/usr/bin/cc  -DCHECK_FUNCTION_EXISTS=sgemm_    CMakeFiles/cmTC_44cbe.dir/CheckFunctionExists.c.o  -o cmTC_44cbe 
/usr/bin/ld: CMakeFiles/cmTC_44cbe.dir/CheckFunctionExists.c.o: in function `main':
CheckFunctionExists.c:(.text+0x14): undefined reference to `sgemm_'
collect2: error: ld returned 1 exit status
make[1]: *** [CMakeFiles/cmTC_44cbe.dir/build.make:87：cmTC_44cbe] 错误 1
make[1]: 离开目录“/home/cxl/workspace/lidar_slam_basic/ch1/ceres/build/CMakeFiles/CMakeTmp”
make: *** [Makefile:121：cmTC_44cbe/fast] 错误 2



Performing C SOURCE FILE Test CMAKE_HAVE_LIBC_PTHREAD failed with the following output:
Change Dir: /home/cxl/workspace/lidar_slam_basic/ch1/ceres/build/CMakeFiles/CMakeTmp

Run Build Command(s):/usr/bin/make cmTC_29fd3/fast && /usr/bin/make -f CMakeFiles/cmTC_29fd3.dir/build.make CMakeFiles/cmTC_29fd3.dir/build
make[1]: 进入目录“/home/cxl/workspace/lidar_slam_basic/ch1/ceres/build/CMakeFiles/CMakeTmp”
Building C object CMakeFiles/cmTC_29fd3.dir/src.c.o
/usr/bin/cc   -DCMAKE_HAVE_LIBC_PTHREAD   -o CMakeFiles/cmTC_29fd3.dir/src.c.o   -c /home/cxl/workspace/lidar_slam_basic/ch1/ceres/build/CMakeFiles/CMakeTmp/src.c
Linking C executable cmTC_29fd3
/usr/bin/cmake -E cmake_link_script CMakeFiles/cmTC_29fd3.dir/link.txt --verbose=1
/usr/bin/cc  -DCMAKE_HAVE_LIBC_PTHREAD    CMakeFiles/cmTC_29fd3.dir/src.c.o  -o cmTC_29fd3 
/usr/bin/ld: CMakeFiles/cmTC_29fd3.dir/src.c.o: in function `main':
src.c:(.text+0x46): undefined reference to `pthread_create'
/usr/bin/ld: src.c:(.text+0x52): undefined reference to `pthread_detach'
/usr/bin/ld: src.c:(.text+0x63): undefined reference to `pthread_join'
collect2: error: ld returned 1 exit status
make[1]: *** [CMakeFiles/cmTC_29fd3.dir/build.make:87：cmTC_29fd3] 错误 1
make[1]: 离开目录“/home/cxl/workspace/lidar_slam_basic/ch1/ceres/build/CMakeFiles/CMakeTmp”
make: *** [Makefile:121：cmTC_29fd3/fast] 错误 2


Source file was:
#include <pthread.h>

void* test_func(void* data)
{
  return data;
}

int main(void)
{
  pthread_t thread;
  pthread_create(&thread, NULL, test_func, NULL);
  pthread_detach(thread);
  pthread_join(thread, NULL);
  pthread_atfork(NULL, NULL, NULL);
  pthread_exit(NULL);

  return 0;
}

Determining if the function pthread_create exists in the pthreads failed with the following output:
Change Dir: /home/cxl/workspace/lidar_slam_basic/ch1/ceres/build/CMakeFiles/CMakeTmp

Run Build Command(s):/usr/bin/make cmTC_1f58a/fast && /usr/bin/make -f CMakeFiles/cmTC_1f58a.dir/build.make CMakeFiles/cmTC_1f58a.dir/build
make[1]: 进入目录“/home/cxl/workspace/lidar_slam_basic/ch1/ceres/build/CMakeFiles/CMakeTmp”
Building C object CMakeFiles/cmTC_1f58a.dir/CheckFunctionExists.c.o
/usr/bin/cc   -DCHECK_FUNCTION_EXISTS=pthread_create   -o CMakeFiles/cmTC_1f58a.dir/CheckFunctionExists.c.o   -c /usr/share/cmake-3.16/Modules/CheckFunctionExists.c
Linking C executable cmTC_1f58a
/usr/bin/cmake -E cmake_link_script CMakeFiles/cmTC_1f58a.dir/link.txt --verbose=1
/usr/bin/cc  -DCHECK_FUNCTION_EXISTS=pthread_create    CMakeFiles/cmTC_1f58a.dir/CheckFunctionExists.c.o  -o cmTC_1f58a  -lpthreads 
/usr/bin/ld: 找不到 -lpthreads
collect2: error: ld returned 1 exit status
make[1]: *** [CMakeFiles/cmTC_1f58a.dir/build.make:87：cmTC_1f58a] 错误 1
make[1]: 离开目录“/home/cxl/workspace/lidar_slam_basic/ch1/ceres/build/CMakeFiles/CMakeTmp”
make: *** [Makefile:121：cmTC_1f58a/fast] 错误 2



