Determining if the function sgemm_ exists failed with the following output:
Change Dir: /home/cxl/workspace/lidar_slam_basic/ch1/curve_fitting/build/CMakeFiles/CMakeTmp

Run Build Command(s):/usr/bin/make cmTC_e52cd/fast && /usr/bin/make -f CMakeFiles/cmTC_e52cd.dir/build.make CMakeFiles/cmTC_e52cd.dir/build
make[1]: 进入目录“/home/cxl/workspace/lidar_slam_basic/ch1/curve_fitting/build/CMakeFiles/CMakeTmp”
Building C object CMakeFiles/cmTC_e52cd.dir/CheckFunctionExists.c.o
/usr/bin/cc   -DCHECK_FUNCTION_EXISTS=sgemm_   -o CMakeFiles/cmTC_e52cd.dir/CheckFunctionExists.c.o   -c /usr/share/cmake-3.16/Modules/CheckFunctionExists.c
Linking C executable cmTC_e52cd
/usr/bin/cmake -E cmake_link_script CMakeFiles/cmTC_e52cd.dir/link.txt --verbose=1
/usr/bin/cc  -DCHECK_FUNCTION_EXISTS=sgemm_    -rdynamic CMakeFiles/cmTC_e52cd.dir/CheckFunctionExists.c.o  -o cmTC_e52cd 
/usr/bin/ld: CMakeFiles/cmTC_e52cd.dir/CheckFunctionExists.c.o: in function `main':
CheckFunctionExists.c:(.text+0x14): undefined reference to `sgemm_'
collect2: error: ld returned 1 exit status
make[1]: *** [CMakeFiles/cmTC_e52cd.dir/build.make:87：cmTC_e52cd] 错误 1
make[1]: 离开目录“/home/cxl/workspace/lidar_slam_basic/ch1/curve_fitting/build/CMakeFiles/CMakeTmp”
make: *** [Makefile:121：cmTC_e52cd/fast] 错误 2



Performing C SOURCE FILE Test CMAKE_HAVE_LIBC_PTHREAD failed with the following output:
Change Dir: /home/cxl/workspace/lidar_slam_basic/ch1/curve_fitting/build/CMakeFiles/CMakeTmp

Run Build Command(s):/usr/bin/make cmTC_eb95a/fast && /usr/bin/make -f CMakeFiles/cmTC_eb95a.dir/build.make CMakeFiles/cmTC_eb95a.dir/build
make[1]: 进入目录“/home/cxl/workspace/lidar_slam_basic/ch1/curve_fitting/build/CMakeFiles/CMakeTmp”
Building C object CMakeFiles/cmTC_eb95a.dir/src.c.o
/usr/bin/cc   -DCMAKE_HAVE_LIBC_PTHREAD   -o CMakeFiles/cmTC_eb95a.dir/src.c.o   -c /home/cxl/workspace/lidar_slam_basic/ch1/curve_fitting/build/CMakeFiles/CMakeTmp/src.c
Linking C executable cmTC_eb95a
/usr/bin/cmake -E cmake_link_script CMakeFiles/cmTC_eb95a.dir/link.txt --verbose=1
/usr/bin/cc  -DCMAKE_HAVE_LIBC_PTHREAD    -rdynamic CMakeFiles/cmTC_eb95a.dir/src.c.o  -o cmTC_eb95a 
/usr/bin/ld: CMakeFiles/cmTC_eb95a.dir/src.c.o: in function `main':
src.c:(.text+0x46): undefined reference to `pthread_create'
/usr/bin/ld: src.c:(.text+0x52): undefined reference to `pthread_detach'
/usr/bin/ld: src.c:(.text+0x63): undefined reference to `pthread_join'
collect2: error: ld returned 1 exit status
make[1]: *** [CMakeFiles/cmTC_eb95a.dir/build.make:87：cmTC_eb95a] 错误 1
make[1]: 离开目录“/home/cxl/workspace/lidar_slam_basic/ch1/curve_fitting/build/CMakeFiles/CMakeTmp”
make: *** [Makefile:121：cmTC_eb95a/fast] 错误 2


Source file was:
#include <pthread.h>

void* test_func(void* data)
{
  return data;
}

int main(void)
{
  pthread_t thread;
  pthread_create(&thread, NULL, test_func, NULL);
  pthread_detach(thread);
  pthread_join(thread, NULL);
  pthread_atfork(NULL, NULL, NULL);
  pthread_exit(NULL);

  return 0;
}

Determining if the function pthread_create exists in the pthreads failed with the following output:
Change Dir: /home/cxl/workspace/lidar_slam_basic/ch1/curve_fitting/build/CMakeFiles/CMakeTmp

Run Build Command(s):/usr/bin/make cmTC_babd5/fast && /usr/bin/make -f CMakeFiles/cmTC_babd5.dir/build.make CMakeFiles/cmTC_babd5.dir/build
make[1]: 进入目录“/home/cxl/workspace/lidar_slam_basic/ch1/curve_fitting/build/CMakeFiles/CMakeTmp”
Building C object CMakeFiles/cmTC_babd5.dir/CheckFunctionExists.c.o
/usr/bin/cc   -DCHECK_FUNCTION_EXISTS=pthread_create   -o CMakeFiles/cmTC_babd5.dir/CheckFunctionExists.c.o   -c /usr/share/cmake-3.16/Modules/CheckFunctionExists.c
Linking C executable cmTC_babd5
/usr/bin/cmake -E cmake_link_script CMakeFiles/cmTC_babd5.dir/link.txt --verbose=1
/usr/bin/cc  -DCHECK_FUNCTION_EXISTS=pthread_create    -rdynamic CMakeFiles/cmTC_babd5.dir/CheckFunctionExists.c.o  -o cmTC_babd5  -lpthreads 
/usr/bin/ld: 找不到 -lpthreads
collect2: error: ld returned 1 exit status
make[1]: *** [CMakeFiles/cmTC_babd5.dir/build.make:87：cmTC_babd5] 错误 1
make[1]: 离开目录“/home/cxl/workspace/lidar_slam_basic/ch1/curve_fitting/build/CMakeFiles/CMakeTmp”
make: *** [Makefile:121：cmTC_babd5/fast] 错误 2



